{"/Users/maxleistner/Freelance/38_Schulferien_API/api/index.js": {"path":"/Users/maxleistner/Freelance/38_Schulferien_API/api/index.js","statementMap":{"0":{"start":{"line":1,"column":16},"end":{"line":1,"column":34}},"1":{"start":{"line":2,"column":19},"end":{"line":2,"column":41}},"2":{"start":{"line":3,"column":15},"end":{"line":3,"column":32}},"3":{"start":{"line":4,"column":13},"end":{"line":4,"column":28}},"4":{"start":{"line":5,"column":13},"end":{"line":5,"column":28}},"5":{"start":{"line":6,"column":12},"end":{"line":6,"column":21}},"6":{"start":{"line":8,"column":13},"end":{"line":8,"column":37}},"7":{"start":{"line":9,"column":17},"end":{"line":9,"column":54}},"8":{"start":{"line":11,"column":0},"end":{"line":11,"column":22}},"9":{"start":{"line":12,"column":0},"end":{"line":12,"column":25}},"10":{"start":{"line":14,"column":0},"end":{"line":14,"column":16}},"11":{"start":{"line":16,"column":0},"end":{"line":16,"column":24}},"12":{"start":{"line":17,"column":0},"end":{"line":17,"column":27}},"13":{"start":{"line":19,"column":0},"end":{"line":19,"column":64}},"14":{"start":{"line":21,"column":0},"end":{"line":25,"column":3}},"15":{"start":{"line":22,"column":14},"end":{"line":22,"column":61}},"16":{"start":{"line":23,"column":2},"end":{"line":23,"column":19}},"17":{"start":{"line":24,"column":2},"end":{"line":24,"column":12}},"18":{"start":{"line":27,"column":0},"end":{"line":35,"column":3}},"19":{"start":{"line":28,"column":2},"end":{"line":28,"column":21}},"20":{"start":{"line":29,"column":2},"end":{"line":29,"column":32}},"21":{"start":{"line":30,"column":2},"end":{"line":34,"column":5}},"22":{"start":{"line":37,"column":0},"end":{"line":43,"column":3}},"23":{"start":{"line":38,"column":2},"end":{"line":42,"column":4}}},"fnMap":{"0":{"name":"(anonymous_0)","decl":{"start":{"line":21,"column":8},"end":{"line":21,"column":9}},"loc":{"start":{"line":21,"column":28},"end":{"line":25,"column":1}},"line":21},"1":{"name":"(anonymous_1)","decl":{"start":{"line":27,"column":8},"end":{"line":27,"column":9}},"loc":{"start":{"line":27,"column":33},"end":{"line":35,"column":1}},"line":27},"2":{"name":"(anonymous_2)","decl":{"start":{"line":37,"column":17},"end":{"line":37,"column":18}},"loc":{"start":{"line":37,"column":23},"end":{"line":43,"column":1}},"line":37}},"branchMap":{"0":{"loc":{"start":{"line":8,"column":13},"end":{"line":8,"column":37}},"type":"binary-expr","locations":[{"start":{"line":8,"column":13},"end":{"line":8,"column":29}},{"start":{"line":8,"column":33},"end":{"line":8,"column":37}}],"line":8},"1":{"loc":{"start":{"line":9,"column":17},"end":{"line":9,"column":54}},"type":"binary-expr","locations":[{"start":{"line":9,"column":17},"end":{"line":9,"column":37}},{"start":{"line":9,"column":41},"end":{"line":9,"column":54}}],"line":9},"2":{"loc":{"start":{"line":29,"column":13},"end":{"line":29,"column":30}},"type":"binary-expr","locations":[{"start":{"line":29,"column":13},"end":{"line":29,"column":23}},{"start":{"line":29,"column":27},"end":{"line":29,"column":30}}],"line":29}},"s":{"0":0,"1":0,"2":0,"3":0,"4":0,"5":0,"6":0,"7":0,"8":0,"9":0,"10":0,"11":0,"12":0,"13":0,"14":0,"15":0,"16":0,"17":0,"18":0,"19":0,"20":0,"21":0,"22":0,"23":0},"f":{"0":0,"1":0,"2":0},"b":{"0":[0,0],"1":[0,0],"2":[0,0]}}
,"/Users/maxleistner/Freelance/38_Schulferien_API/api/routes/vacations.js": {"path":"/Users/maxleistner/Freelance/38_Schulferien_API/api/routes/vacations.js","statementMap":{"0":{"start":{"line":1,"column":16},"end":{"line":1,"column":34}},"1":{"start":{"line":2,"column":11},"end":{"line":2,"column":24}},"2":{"start":{"line":3,"column":13},"end":{"line":3,"column":28}},"3":{"start":{"line":5,"column":15},"end":{"line":5,"column":31}},"4":{"start":{"line":9,"column":30},"end":{"line":26,"column":1}},"5":{"start":{"line":10,"column":2},"end":{"line":25,"column":3}},"6":{"start":{"line":11,"column":18},"end":{"line":13,"column":5}},"7":{"start":{"line":14,"column":17},"end":{"line":14,"column":34}},"8":{"start":{"line":15,"column":4},"end":{"line":21,"column":5}},"9":{"start":{"line":16,"column":18},"end":{"line":18,"column":7}},"10":{"start":{"line":19,"column":6},"end":{"line":19,"column":23}},"11":{"start":{"line":20,"column":6},"end":{"line":20,"column":16}},"12":{"start":{"line":22,"column":4},"end":{"line":22,"column":19}},"13":{"start":{"line":24,"column":4},"end":{"line":24,"column":12}},"14":{"start":{"line":28,"column":0},"end":{"line":28,"column":57}},"15":{"start":{"line":31,"column":38},"end":{"line":54,"column":1}},"16":{"start":{"line":32,"column":2},"end":{"line":53,"column":3}},"17":{"start":{"line":33,"column":18},"end":{"line":35,"column":5}},"18":{"start":{"line":36,"column":17},"end":{"line":36,"column":34}},"19":{"start":{"line":37,"column":22},"end":{"line":42,"column":6}},"20":{"start":{"line":38,"column":6},"end":{"line":41,"column":8}},"21":{"start":{"line":43,"column":4},"end":{"line":49,"column":5}},"22":{"start":{"line":44,"column":18},"end":{"line":46,"column":7}},"23":{"start":{"line":47,"column":6},"end":{"line":47,"column":23}},"24":{"start":{"line":48,"column":6},"end":{"line":48,"column":16}},"25":{"start":{"line":50,"column":4},"end":{"line":50,"column":24}},"26":{"start":{"line":52,"column":4},"end":{"line":52,"column":12}},"27":{"start":{"line":56,"column":0},"end":{"line":56,"column":72}},"28":{"start":{"line":58,"column":0},"end":{"line":58,"column":24}}},"fnMap":{"0":{"name":"(anonymous_0)","decl":{"start":{"line":9,"column":30},"end":{"line":9,"column":31}},"loc":{"start":{"line":9,"column":56},"end":{"line":26,"column":1}},"line":9},"1":{"name":"(anonymous_1)","decl":{"start":{"line":31,"column":38},"end":{"line":31,"column":39}},"loc":{"start":{"line":31,"column":64},"end":{"line":54,"column":1}},"line":31},"2":{"name":"(anonymous_2)","decl":{"start":{"line":37,"column":34},"end":{"line":37,"column":35}},"loc":{"start":{"line":37,"column":43},"end":{"line":42,"column":5}},"line":37}},"branchMap":{"0":{"loc":{"start":{"line":15,"column":4},"end":{"line":21,"column":5}},"type":"if","locations":[{"start":{"line":15,"column":4},"end":{"line":21,"column":5}},{"start":{},"end":{}}],"line":15},"1":{"loc":{"start":{"line":39,"column":8},"end":{"line":40,"column":44}},"type":"binary-expr","locations":[{"start":{"line":39,"column":8},"end":{"line":39,"column":50}},{"start":{"line":40,"column":8},"end":{"line":40,"column":44}}],"line":39},"2":{"loc":{"start":{"line":43,"column":4},"end":{"line":49,"column":5}},"type":"if","locations":[{"start":{"line":43,"column":4},"end":{"line":49,"column":5}},{"start":{},"end":{}}],"line":43},"3":{"loc":{"start":{"line":43,"column":8},"end":{"line":43,"column":44}},"type":"binary-expr","locations":[{"start":{"line":43,"column":8},"end":{"line":43,"column":18}},{"start":{"line":43,"column":22},"end":{"line":43,"column":44}}],"line":43}},"s":{"0":2,"1":2,"2":2,"3":2,"4":2,"5":28,"6":28,"7":23,"8":23,"9":0,"10":0,"11":0,"12":23,"13":5,"14":2,"15":2,"16":24,"17":24,"18":23,"19":23,"20":2364,"21":23,"22":3,"23":3,"24":3,"25":20,"26":4,"27":2,"28":2},"f":{"0":28,"1":24,"2":2364},"b":{"0":[0,23],"1":[2364,130],"2":[3,20],"3":[23,23]},"_coverageSchema":"1a1c01bbd47fc00a2c39e90264f33305004495a9","hash":"37347022dc48f6f336d79159b835660f317c1b6a"}
}
