TN:
SF:index.js
FN:21,(anonymous_0)
FN:27,(anonymous_1)
FN:37,(anonymous_2)
FNF:3
FNH:0
FNDA:0,(anonymous_0)
FNDA:0,(anonymous_1)
FNDA:0,(anonymous_2)
DA:1,0
DA:2,0
DA:3,0
DA:4,0
DA:5,0
DA:6,0
DA:8,0
DA:9,0
DA:11,0
DA:12,0
DA:14,0
DA:16,0
DA:17,0
DA:19,0
DA:21,0
DA:22,0
DA:23,0
DA:24,0
DA:27,0
DA:28,0
DA:29,0
DA:30,0
DA:37,0
DA:38,0
LF:24
LH:0
BRDA:8,0,0,0
BRDA:8,0,1,0
BRDA:9,1,0,0
BRDA:9,1,1,0
BRDA:29,2,0,0
BRDA:29,2,1,0
BRF:6
BRH:0
end_of_record
TN:
SF:routes/vacations.js
FN:9,(anonymous_0)
FN:31,(anonymous_1)
FN:37,(anonymous_2)
FNF:3
FNH:3
FNDA:28,(anonymous_0)
FNDA:24,(anonymous_1)
FNDA:2364,(anonymous_2)
DA:1,2
DA:2,2
DA:3,2
DA:5,2
DA:9,2
DA:10,28
DA:11,28
DA:14,23
DA:15,23
DA:16,0
DA:19,0
DA:20,0
DA:22,23
DA:24,5
DA:28,2
DA:31,2
DA:32,24
DA:33,24
DA:36,23
DA:37,23
DA:38,2364
DA:43,23
DA:44,3
DA:47,3
DA:48,3
DA:50,20
DA:52,4
DA:56,2
DA:58,2
LF:29
LH:26
BRDA:15,0,0,0
BRDA:15,0,1,23
BRDA:39,1,0,2364
BRDA:39,1,1,130
BRDA:43,2,0,3
BRDA:43,2,1,20
BRDA:43,3,0,23
BRDA:43,3,1,23
BRF:8
BRH:7
end_of_record
