TN:
SF:index.js
FN:44,(anonymous_0)
FN:50,(anonymous_1)
FN:60,(anonymous_2)
FNF:3
FNH:0
FNDA:0,(anonymous_0)
FNDA:0,(anonymous_1)
FNDA:0,(anonymous_2)
DA:1,0
DA:2,0
DA:3,0
DA:4,0
DA:5,0
DA:6,0
DA:7,0
DA:8,0
DA:9,0
DA:11,0
DA:13,0
DA:14,0
DA:16,0
DA:17,0
DA:19,0
DA:20,0
DA:21,0
DA:24,0
DA:25,0
DA:26,0
DA:29,0
DA:30,0
DA:31,0
DA:33,0
DA:37,0
DA:38,0
DA:39,0
DA:42,0
DA:44,0
DA:45,0
DA:46,0
DA:47,0
DA:50,0
DA:51,0
DA:52,0
DA:53,0
DA:60,0
DA:61,0
LF:38
LH:0
BRDA:13,0,0,0
BRDA:13,0,1,0
BRDA:14,1,0,0
BRDA:14,1,1,0
BRDA:52,2,0,0
BRDA:52,2,1,0
BRF:6
BRH:0
end_of_record
TN:
SF:routes/index.js
FNF:0
FNH:0
DA:1,0
DA:2,0
DA:3,0
DA:5,0
DA:8,0
DA:11,0
DA:13,0
LF:7
LH:0
BRF:0
BRH:0
end_of_record
TN:
SF:routes/system.js
FN:10,(anonymous_0)
FN:22,(anonymous_1)
FN:50,(anonymous_2)
FNF:3
FNH:3
FNDA:16,(anonymous_0)
FNDA:2,(anonymous_1)
FNDA:4,(anonymous_2)
DA:1,1
DA:2,1
DA:4,1
DA:7,1
DA:10,1
DA:11,16
DA:13,16
DA:22,1
DA:23,2
DA:25,2
DA:26,2
DA:28,2
DA:29,0
DA:36,2
DA:42,0
DA:50,1
DA:51,4
DA:53,4
DA:54,4
DA:55,4
DA:57,4
DA:88,4
DA:90,0
DA:100,1
LF:24
LH:21
BRDA:17,0,0,16
BRDA:17,0,1,0
BRDA:28,1,0,0
BRDA:28,1,1,2
BRDA:28,2,0,2
BRDA:28,2,1,2
BRDA:59,3,0,4
BRDA:59,3,1,0
BRDA:60,4,0,4
BRDA:60,4,1,0
BRDA:69,5,0,4
BRDA:69,5,1,0
BRDA:76,6,0,4
BRDA:76,6,1,0
BRDA:84,7,0,4
BRDA:84,7,1,0
BRDA:92,8,0,0
BRDA:92,8,1,0
BRF:18
BRH:9
end_of_record
TN:
SF:routes/vacations.js
FN:9,(anonymous_0)
FN:31,(anonymous_1)
FN:37,(anonymous_2)
FNF:3
FNH:3
FNDA:28,(anonymous_0)
FNDA:24,(anonymous_1)
FNDA:2364,(anonymous_2)
DA:1,2
DA:2,2
DA:3,2
DA:5,2
DA:9,2
DA:10,28
DA:11,28
DA:14,23
DA:15,23
DA:16,0
DA:19,0
DA:20,0
DA:22,23
DA:24,5
DA:28,2
DA:31,2
DA:32,24
DA:33,24
DA:36,23
DA:37,23
DA:38,2364
DA:43,23
DA:44,3
DA:47,3
DA:48,3
DA:50,20
DA:52,4
DA:56,2
DA:58,2
LF:29
LH:26
BRDA:15,0,0,0
BRDA:15,0,1,23
BRDA:39,1,0,2364
BRDA:39,1,1,130
BRDA:43,2,0,3
BRDA:43,2,1,20
BRDA:43,3,0,23
BRDA:43,3,1,23
BRF:8
BRH:7
end_of_record
